<?xml version="1.0" encoding="UTF-8"?>
<testng-results ignored="0" total="2" passed="2" failed="0" skipped="0">
  <reporter-output>
  </reporter-output>
  <suite started-at="2024-07-10T08:01:14 IST" name="Suite" finished-at="2024-07-10T08:01:40 IST" duration-ms="25762">
    <groups>
    </groups>
    <test started-at="2024-07-10T08:01:14 IST" name="Test" finished-at="2024-07-10T08:01:40 IST" duration-ms="25762">
      <class name="SSquareIT.SeleniumFramework.E2ETest2">
        <test-method signature="endToEndTest(java.lang.String,java.lang.String)[pri:0, instance:SSquareIT.SeleniumFramework.E2ETest2@5b247367]" started-at="2024-07-10T08:01:14 IST" name="endToEndTest" data-provider="getData" finished-at="2024-07-10T08:01:28 IST" duration-ms="13074" status="PASS">
          <params>
            <param index="0">
              <value>
                <![CDATA[kidovo5318@em2lab.com]]>
              </value>
            </param>
            <param index="1">
              <value>
                <![CDATA[QAFOX@123]]>
              </value>
            </param>
          </params>
          <reporter-output>
          </reporter-output>
        </test-method> <!-- endToEndTest -->
        <test-method signature="endToEndTest(java.lang.String,java.lang.String)[pri:0, instance:SSquareIT.SeleniumFramework.E2ETest2@5b247367]" started-at="2024-07-10T08:01:28 IST" name="endToEndTest" data-provider="getData" finished-at="2024-07-10T08:01:40 IST" duration-ms="12642" status="PASS">
          <params>
            <param index="0">
              <value>
                <![CDATA[xejevo6745@devncie.com]]>
              </value>
            </param>
            <param index="1">
              <value>
                <![CDATA[Xeje@123]]>
              </value>
            </param>
          </params>
          <reporter-output>
          </reporter-output>
        </test-method> <!-- endToEndTest -->
      </class> <!-- SSquareIT.SeleniumFramework.E2ETest2 -->
    </test> <!-- Test -->
  </suite> <!-- Suite -->
</testng-results>
